# JRE version: Java(TM) SE Runtime Environment (8.0_05-b13) (build 1.8.0_05-b13)
# Java VM: Java HotSpot(TM) 64-Bit Server VM (25.5-b02 mixed mode windows-amd64 compressed oops)
Heap:
 PSYoungGen      total 69632K, used 34142K [0x00000000d6200000, 0x00000000db300000, 0x0000000100000000)
  eden space 59904K, 48% used [0x00000000d6200000,0x00000000d7e2ee00,0x00000000d9c80000)
  from space 9728K, 54% used [0x00000000da700000,0x00000000dac28ab0,0x00000000db080000)
  to   space 10752K, 0% used [0x00000000d9c80000,0x00000000d9c80000,0x00000000da700000)
 ParOldGen       total 28160K, used 18972K [0x0000000082600000, 0x0000000084180000, 0x00000000d6200000)
  object space 28160K, 67% used [0x0000000082600000,0x00000000838870a0,0x0000000084180000)
 Metaspace       used 43715K, capacity 45562K, committed 45824K, reserved 1089536K
  class space    used 5743K, capacity 6105K, committed 6144K, reserved 1048576K
GC Heap History (10 events):
Event: 9.225 GC heap before
{Heap before GC invocations=28 (full 3):
 PSYoungGen      total 59392K, used 58759K [0x00000000d6200000, 0x00000000da500000, 0x0000000100000000)
  eden space 54272K, 100% used [0x00000000d6200000,0x00000000d9700000,0x00000000d9700000)
  from space 5120K, 87% used [0x00000000da000000,0x00000000da461ca0,0x00000000da500000)
  to   space 7168K, 0% used [0x00000000d9700000,0x00000000d9700000,0x00000000d9e00000)
 ParOldGen       total 19456K, used 13940K [0x0000000082600000, 0x0000000083900000, 0x00000000d6200000)
  object space 19456K, 71% used [0x0000000082600000,0x000000008339d208,0x0000000083900000)
 Metaspace       used 37740K, capacity 39222K, committed 39552K, reserved 1083392K
  class space    used 4885K, capacity 5159K, committed 5248K, reserved 1048576K
Event: 9.234 GC heap after
Heap after GC invocations=28 (full 3):
 PSYoungGen      total 61440K, used 5639K [0x00000000d6200000, 0x00000000da980000, 0x0000000100000000)
  eden space 54272K, 0% used [0x00000000d6200000,0x00000000d6200000,0x00000000d9700000)
  from space 7168K, 78% used [0x00000000d9700000,0x00000000d9c81d18,0x00000000d9e00000)
  to   space 7680K, 0% used [0x00000000da200000,0x00000000da200000,0x00000000da980000)
 ParOldGen       total 19456K, used 13948K [0x0000000082600000, 0x0000000083900000, 0x00000000d6200000)
  object space 19456K, 71% used [0x0000000082600000,0x000000008339f208,0x0000000083900000)
 Metaspace       used 37740K, capacity 39222K, committed 39552K, reserved 1083392K
  class space    used 4885K, capacity 5159K, committed 5248K, reserved 1048576K
}
Event: 9.842 GC heap before
{Heap before GC invocations=29 (full 3):
 PSYoungGen      total 61440K, used 59911K [0x00000000d6200000, 0x00000000da980000, 0x0000000100000000)
  eden space 54272K, 100% used [0x00000000d6200000,0x00000000d9700000,0x00000000d9700000)
  from space 7168K, 78% used [0x00000000d9700000,0x00000000d9c81d18,0x00000000d9e00000)
  to   space 7680K, 0% used [0x00000000da200000,0x00000000da200000,0x00000000da980000)
 ParOldGen       total 19456K, used 13948K [0x0000000082600000, 0x0000000083900000, 0x00000000d6200000)
  object space 19456K, 71% used [0x0000000082600000,0x000000008339f208,0x0000000083900000)
 Metaspace       used 40439K, capacity 41992K, committed 42112K, reserved 1085440K
  class space    used 5203K, capacity 5498K, committed 5504K, reserved 1048576K
Event: 9.850 GC heap after
Heap after GC invocations=29 (full 3):
 PSYoungGen      total 65024K, used 6137K [0x00000000d6200000, 0x00000000daa80000, 0x0000000100000000)
  eden space 57344K, 0% used [0x00000000d6200000,0x00000000d6200000,0x00000000d9a00000)
  from space 7680K, 79% used [0x00000000da200000,0x00000000da7fe4c0,0x00000000da980000)
  to   space 8192K, 0% used [0x00000000d9a00000,0x00000000d9a00000,0x00000000da200000)
 ParOldGen       total 19456K, used 13956K [0x0000000082600000, 0x0000000083900000, 0x00000000d6200000)
  object space 19456K, 71% used [0x0000000082600000,0x00000000833a1208,0x0000000083900000)
 Metaspace       used 40439K, capacity 41992K, committed 42112K, reserved 1085440K
  class space    used 5203K, capacity 5498K, committed 5504K, reserved 1048576K
}
Event: 10.714 GC heap before
{Heap before GC invocations=30 (full 3):
 PSYoungGen      total 65024K, used 63481K [0x00000000d6200000, 0x00000000daa80000, 0x0000000100000000)
  eden space 57344K, 100% used [0x00000000d6200000,0x00000000d9a00000,0x00000000d9a00000)
  from space 7680K, 79% used [0x00000000da200000,0x00000000da7fe4c0,0x00000000da980000)
  to   space 8192K, 0% used [0x00000000d9a00000,0x00000000d9a00000,0x00000000da200000)
 ParOldGen       total 19456K, used 13956K [0x0000000082600000, 0x0000000083900000, 0x00000000d6200000)
  object space 19456K, 71% used [0x0000000082600000,0x00000000833a1208,0x0000000083900000)
 Metaspace       used 41701K, capacity 43414K, committed 43648K, reserved 1087488K
  class space    used 5372K, capacity 5677K, committed 5760K, reserved 1048576K
Event: 10.724 GC heap after
Heap after GC invocations=30 (full 3):
 PSYoungGen      total 65536K, used 8168K [0x00000000d6200000, 0x00000000db080000, 0x0000000100000000)
  eden space 57344K, 0% used [0x00000000d6200000,0x00000000d6200000,0x00000000d9a00000)
  from space 8192K, 99% used [0x00000000d9a00000,0x00000000da1fa2e0,0x00000000da200000)
  to   space 9728K, 0% used [0x00000000da700000,0x00000000da700000,0x00000000db080000)
 ParOldGen       total 19456K, used 14619K [0x0000000082600000, 0x0000000083900000, 0x00000000d6200000)
  object space 19456K, 75% used [0x0000000082600000,0x0000000083446d88,0x0000000083900000)
 Metaspace       used 41701K, capacity 43414K, committed 43648K, reserved 1087488K
  class space    used 5372K, capacity 5677K, committed 5760K, reserved 1048576K
}
Event: 11.433 GC heap before
{Heap before GC invocations=31 (full 3):
 PSYoungGen      total 65536K, used 65512K [0x00000000d6200000, 0x00000000db080000, 0x0000000100000000)
  eden space 57344K, 100% used [0x00000000d6200000,0x00000000d9a00000,0x00000000d9a00000)
  from space 8192K, 99% used [0x00000000d9a00000,0x00000000da1fa2e0,0x00000000da200000)
  to   space 9728K, 0% used [0x00000000da700000,0x00000000da700000,0x00000000db080000)
 ParOldGen       total 19456K, used 14619K [0x0000000082600000, 0x0000000083900000, 0x00000000d6200000)
  object space 19456K, 75% used [0x0000000082600000,0x0000000083446d88,0x0000000083900000)
 Metaspace       used 42572K, capacity 44406K, committed 44544K, reserved 1087488K
  class space    used 5492K, capacity 5823K, committed 5888K, reserved 1048576K
Event: 11.446 GC heap after
Heap after GC invocations=31 (full 3):
 PSYoungGen      total 69632K, used 7546K [0x00000000d6200000, 0x00000000db300000, 0x0000000100000000)
  eden space 59904K, 0% used [0x00000000d6200000,0x00000000d6200000,0x00000000d9c80000)
  from space 9728K, 77% used [0x00000000da700000,0x00000000dae5ebe0,0x00000000db080000)
  to   space 10752K, 0% used [0x00000000d9c80000,0x00000000d9c80000,0x00000000da700000)
 ParOldGen       total 19456K, used 18476K [0x0000000082600000, 0x0000000083900000, 0x00000000d6200000)
  object space 19456K, 94% used [0x0000000082600000,0x000000008380b1f0,0x0000000083900000)
 Metaspace       used 42572K, capacity 44406K, committed 44544K, reserved 1087488K
  class space    used 5492K, capacity 5823K, committed 5888K, reserved 1048576K
}
Event: 11.446 GC heap before
{Heap before GC invocations=32 (full 4):
 PSYoungGen      total 69632K, used 7546K [0x00000000d6200000, 0x00000000db300000, 0x0000000100000000)
  eden space 59904K, 0% used [0x00000000d6200000,0x00000000d6200000,0x00000000d9c80000)
  from space 9728K, 77% used [0x00000000da700000,0x00000000dae5ebe0,0x00000000db080000)
  to   space 10752K, 0% used [0x00000000d9c80000,0x00000000d9c80000,0x00000000da700000)
 ParOldGen       total 19456K, used 18476K [0x0000000082600000, 0x0000000083900000, 0x00000000d6200000)
  object space 19456K, 94% used [0x0000000082600000,0x000000008380b1f0,0x0000000083900000)
 Metaspace       used 42572K, capacity 44406K, committed 44544K, reserved 1087488K
  class space    used 5492K, capacity 5823K, committed 5888K, reserved 1048576K
Event: 11.799 GC heap after
Heap after GC invocations=32 (full 4):
 PSYoungGen      total 69632K, used 5282K [0x00000000d6200000, 0x00000000db300000, 0x0000000100000000)
  eden space 59904K, 0% used [0x00000000d6200000,0x00000000d6200000,0x00000000d9c80000)
  from space 9728K, 54% used [0x00000000da700000,0x00000000dac28ab0,0x00000000db080000)
  to   space 10752K, 0% used [0x00000000d9c80000,0x00000000d9c80000,0x00000000da700000)
 ParOldGen       total 28160K, used 18972K [0x0000000082600000, 0x0000000084180000, 0x00000000d6200000)
  object space 28160K, 67% used [0x0000000082600000,0x00000000838870a0,0x0000000084180000)
 Metaspace       used 42572K, capacity 44406K, committed 44544K, reserved 1087488K
  class space    used 5492K, capacity 5823K, committed 5888K, reserved 1048576K
}

